Suspect-rule-set ::= {
  {
    find
      string-constraint {
        match-text "cytochrome oxidase subunit" ,
        match-location contains ,
        case-sensitive FALSE ,
        ignore-space FALSE ,
        ignore-punct FALSE ,
        whole-word FALSE ,
        not-present FALSE } ,
    rule-type none } ,
  {
    find
      string-constraint {
        match-text "cytochrome c oxidase subunit" ,
        match-location contains ,
        case-sensitive FALSE ,
        ignore-space FALSE ,
        ignore-punct FALSE ,
        whole-word FALSE ,
        not-present FALSE } ,
    rule-type none } ,
  {
    find
      string-constraint {
        match-text "NADH dehydrogenase subunit" ,
        match-location contains ,
        case-sensitive FALSE ,
        ignore-space FALSE ,
        ignore-punct FALSE ,
        whole-word FALSE ,
        not-present FALSE } ,
    rule-type none } ,
  {
    find
      string-constraint {
        match-text "cytochrome b" ,
        match-location contains ,
        case-sensitive FALSE ,
        ignore-space FALSE ,
        ignore-punct FALSE ,
        whole-word FALSE ,
        not-present FALSE } ,
    rule-type none } ,
  {
    find
      string-constraint {
        match-text "ATP synthase F0" ,
        match-location contains ,
        case-sensitive FALSE ,
        ignore-space FALSE ,
        ignore-punct FALSE ,
        whole-word FALSE ,
        not-present FALSE } ,
    rule-type none } ,
  {
    find
      string-constraint {
        match-text "photosystem I" ,
        match-location contains ,
        case-sensitive FALSE ,
        ignore-space FALSE ,
        ignore-punct FALSE ,
        whole-word FALSE ,
        not-present FALSE } ,
    rule-type none } ,
  {
    find
      string-constraint {
        match-text "PsbA" ,
        match-location contains ,
        case-sensitive FALSE ,
        ignore-space FALSE ,
        ignore-punct FALSE ,
        whole-word FALSE ,
        not-present FALSE } ,
    rule-type none } ,
  {
    find
      string-constraint {
        match-text "PsbB" ,
        match-location contains ,
        case-sensitive FALSE ,
        ignore-space FALSE ,
        ignore-punct FALSE ,
        whole-word FALSE ,
        not-present FALSE } ,
    rule-type none } ,
  {
    find
      string-constraint {
        match-text "PsbT" ,
        match-location contains ,
        case-sensitive FALSE ,
        ignore-space FALSE ,
        ignore-punct FALSE ,
        whole-word FALSE ,
        not-present FALSE } ,
    rule-type none } ,
  {
    find
      string-constraint {
        match-text "PsbH" ,
        match-location contains ,
        case-sensitive FALSE ,
        ignore-space FALSE ,
        ignore-punct FALSE ,
        whole-word FALSE ,
        not-present FALSE } ,
    rule-type none } ,
  {
    find
      string-constraint {
        match-text "ribulose-1,5-bisphosphate carboxylase/oxygenase" ,
        match-location contains ,
        case-sensitive FALSE ,
        ignore-space FALSE ,
        ignore-punct FALSE ,
        whole-word FALSE ,
        not-present FALSE } ,
    rule-type none } ,
  {
    find
      string-constraint {
        match-text "maturase K" ,
        match-location contains ,
        case-sensitive FALSE ,
        ignore-space FALSE ,
        ignore-punct FALSE ,
        whole-word FALSE ,
        not-present FALSE } ,
    rule-type none } ,
  {
    find
      string-constraint {
        match-text "ATPase subunit 6" ,
        match-location contains ,
        case-sensitive FALSE ,
        ignore-space FALSE ,
        ignore-punct FALSE ,
        whole-word FALSE ,
        not-present FALSE } ,
    rule-type none } ,
  {
    find
      string-constraint {
        match-text "ATPase subunit 8" ,
        match-location contains ,
        case-sensitive FALSE ,
        ignore-space FALSE ,
        ignore-punct FALSE ,
        whole-word FALSE ,
        not-present FALSE } ,
    rule-type none } ,
  {
    find
      string-constraint {
        match-text "matK" ,
        match-location contains ,
        case-sensitive FALSE ,
        ignore-space FALSE ,
        ignore-punct FALSE ,
        whole-word FALSE ,
        not-present FALSE } ,
    rule-type none } }
